 Output of the            1 processor.
 Job_path is :
 /mnt/d/workfiles/Gitfiles/workdir-lvcshmpi/example/Graphene/LVCSH/epwkq6/ensamp
 le0
 Work_path is :
 /mnt/d/workfiles/Gitfiles/workdir-lvcshmpi/example/Graphene/LVCSH/epwkq6/ensamp
 le0/001

 Input file for     1 processor.
 calculation  =lvcsh
 lfeedback    = T
 verbosity    =low
 outdir       =./
 methodsh     =FSSH    
 ldecoherence = T
 cdecoherence =  0.100000000000000     
 lit_gmnvkq   =  0.100000000000000     
 lit_ephonon  =  0.000000000000000E+000
 eps_acustic  =   5.00000000000000     
 l_ph_quantum = T
 lelecsh      = T
 lholesh      = T
 lehpairsh    = T
 lreadscfout  = F
 lsortpes     = F
 scfoutname   =../scf.out
 lreadphout   = F
 phoutname    =../ph.out
 lreadfildyn  = F
 fildyn       =prefix.dyn
 epwoutname   =../epw6.out
 prtgmnvkq    = F
 ieband_min   =           0
 ieband_max   =           0
 ihband_min   =           0
 ihband_max   =           0
 nefre_sh     =           0
 nhfre_sh     =           0
 naver        =          20
 nstep        =           2
 nsnap        =         500
 pre_nstep    =        5000
 pre_dt       =  0.500000000000000     
 mix_thr      =  0.800000011920929     
 gamma        =  0.000000000000000E+000
 ld_fric      =  1.000000000000000E-002
 dt           =  0.500000000000000     
 temp         =   300.000000000000     
 init_kx      =  0.000000000000000E+000
 init_ky      =  0.000000000000000E+000
 init_kz      =  0.000000000000000E+000
 init_eband   =           1
 init_hband   =           1
 llaser       = T
 efield_cart  =      1.00000      1.00000      1.00000
 w_laser      =   5.00000000000000     
 fwhm         =   100.000000000000     
 nnode        =           1
 ncore        =           1
 savedsnap    =           5
 l_dEa_dQ     = T
 l_dEa2_dQ2   = T
 lsetthreads  = F
 mkl_threads  =           4



     bravais-lattice index     =            0
     lattice parameter (a_0)   =       0.0000  a.u.
     unit-cell volume          =       0.0000 (a.u.)^3
     number of atoms/cell      =            0
     number of atomic types    =            0
     kinetic-energy cut-off    =       0.0000  Ry
     charge density cut-off    =       0.0000  Ry

     celldm(1)=    0.00000  celldm(2)=    0.00000  celldm(3)=    0.00000
     celldm(4)=    0.00000  celldm(5)=    0.00000  celldm(6)=    0.00000

     crystal axes: (cart. coord. in units of a_0)
               a(1) = (  0.0000  0.0000  0.0000 )  
               a(2) = (  0.0000  0.0000  0.0000 )  
               a(3) = (  0.0000  0.0000  0.0000 )  

     reciprocal axes: (cart. coord. in units 2 pi/a_0)
               b(1) = (  0.0000  0.0000  0.0000 )  
               b(2) = (  0.0000  0.0000  0.0000 )  
               b(3) = (  0.0000  0.0000  0.0000 )  

 l_nsymq_le_1 =  T
 minus_q =  F
 nsymq =            0
 iverbosity =    540028977
     Total number of the uniform phonon fine mesh to be used(nqtotf) =           36
     Total number of K-point in fine mesh to be used(nktotf)         =           36

     Dynamical RAM for              gmnvkq:       0.24 MB


     Fermi energy is calculated from the fine k-mesh: Ef =  -1.722633 eV

              ibndmin =     1  ebndmin =    -9.099 eV
              ibndmax =     2  ebndmax =     9.681 eV

     Only       36 q-points falls within the fsthick windows.
     We only need to compute       36 q-points

     Number of phonon modes (nmodes) =           6

              Valence band max   =     1  evbmax =    -1.723 eV
              Conductor band min =     2  ecbmin =    -1.723 eV

 lelecsh =  T
 lholesh =  T
 ieband_min =           2
 ieband_max =           2
 ihband_min =           1
 ihband_max =           1

     Dynamical RAM for            gmnvkq_e:       0.06 MB


     Dynamical RAM for                H0_e:       0.02 MB


     Dynamical RAM for             H0_e_nk:       0.02 MB


     Dynamical RAM for                 H_e:       0.02 MB


     Dynamical RAM for              H_e_nk:       0.02 MB


     Dynamical RAM for            gmnvkq_h:       0.06 MB


     Dynamical RAM for                H0_h:       0.02 MB


     Dynamical RAM for             H0_h_nk:       0.02 MB


     Dynamical RAM for                 H_h:       0.02 MB


     Dynamical RAM for              H_h_nk:       0.02 MB


     Dynamical RAM for              phKsit:       0.83 MB


     Dynamical RAM for              phUsit:       0.83 MB


     Dynamical RAM for                 d_e:       0.12 MB


     Dynamical RAM for           pes_one_e:       0.14 MB


     Dynamical RAM for               pes_e:       0.14 MB


     Dynamical RAM for              csit_e:       0.14 MB


     Dynamical RAM for              wsit_e:       0.14 MB


     Dynamical RAM for              psit_e:       0.14 MB


     Dynamical RAM for                 d_h:       0.06 MB


     Dynamical RAM for           pes_one_h:       0.14 MB


     Dynamical RAM for               pes_h:       0.14 MB


     Dynamical RAM for              csit_h:       0.14 MB


     Dynamical RAM for              wsit_h:       0.14 MB


     Dynamical RAM for              psit_h:       0.14 MB


     In the laser obsorbtion,the Pump laser as follow:
     Laser centred energy :   5.0000000 eV.
     The full width at half-maximum:fwhm =  100.0000000 fs.

 ###### itraj=   1 ######
 This trajectory start on 14Jun2022 at 22:18:12 

     The temperature of the non-adiabatic dynamica is :   300.00000 K
     The average energy of phonon(quantum): <SUM_phE>=   12.95558 eV.
     The average energy of phonon(class)  : <SUM_phE>=    5.50648 eV.

     The phonon dynamica set as quantum
     The initial energy of phonon: SUM_phT=    6.14695  eV SUM_phU=    5.95202  eV
     The initial energy of phonon: SUM_phE=   12.09897 eV.
     Energy of phonon after   2.50ps dynamica: SUM_phT=    7.37039  eV SUM_phU=    6.82751  eV
     Energy of phonon after   2.50ps dynamica: SUM_phE=   14.19791 eV.

     Initial eh_KSstate:  
     ik=   35 coord.: (     0.833333     0.666667     0.000000  )
     init_hband=    1 Initial hole Energy:    -2.65290 eV
     init_eband=    2 Initial elec Energy:     2.51730 eV
     elec-hole energy=      5.17020 eV

     In adiabatic base,the elctron-hole state as follow:
     Init_hsurface=   11 Initial hole Energy:  -2.6492505 eV
     Init_esurface=   16 Initial elec Energy:   2.7919084 eV
     elec-hole energy=   5.4411589 eV

 time(fs)    rt(s) hsur esur     E_h(eV)     E_e(eV)    E_eh(eV)    T_ph(eV)    U_ph(eV)    E_ph(eV)   E_tot(eV)
     0.00     0.00   11   16     -2.6493      2.7919      5.4412      7.3704      6.8275     14.1979     19.6391
     0.50     0.00   13   16     -2.7178      2.7949      5.5127      7.0342      7.0192     14.0534     19.5661
     1.00     0.00   13   16     -2.7082      2.8001      5.5083      6.8967      7.2396     14.1363     19.6446
   499.50     0.00    3    3     -2.1728      1.4662      3.6390      9.0207      7.0163     16.0369     19.6759
   500.00     0.00    3    3     -2.1676      1.4654      3.6330      8.8881      7.0609     15.9491     19.5821
 This trajectory end on 14Jun2022 at 22:18:14 

 ###### itraj=   2 ######
 This trajectory start on 14Jun2022 at 22:18:14 

     The temperature of the non-adiabatic dynamica is :   300.00000 K
     The average energy of phonon(quantum): <SUM_phE>=   12.95558 eV.
     The average energy of phonon(class)  : <SUM_phE>=    5.50648 eV.

     The phonon dynamica set as quantum
     The initial energy of phonon: SUM_phT=    4.42920  eV SUM_phU=    6.11163  eV
     The initial energy of phonon: SUM_phE=   10.54083 eV.
     Energy of phonon after   2.50ps dynamica: SUM_phT=    8.05606  eV SUM_phU=    5.22401  eV
     Energy of phonon after   2.50ps dynamica: SUM_phE=   13.28007 eV.

     Initial eh_KSstate:  
     ik=   16 coord.: (     0.333333     0.500000     0.000000  )
     init_hband=    1 Initial hole Energy:    -2.65290 eV
     init_eband=    2 Initial elec Energy:     2.51730 eV
     elec-hole energy=      5.17020 eV

     In adiabatic base,the elctron-hole state as follow:
     Init_hsurface=    3 Initial hole Energy:  -2.3353212 eV
     Init_esurface=   10 Initial elec Energy:   2.3411901 eV
     elec-hole energy=   4.6765112 eV

 time(fs)    rt(s) hsur esur     E_h(eV)     E_e(eV)    E_eh(eV)    T_ph(eV)    U_ph(eV)    E_ph(eV)   E_tot(eV)
     0.00     0.00    3   10     -2.3353      2.3412      4.6765      8.0561      5.2240     13.2801     17.9566
     0.50     0.00    3   10     -2.3314      2.3301      4.6614      7.7788      5.4996     13.2785     17.9399
     1.00     0.00    3   10     -2.3263      2.3335      4.6598      7.4924      5.8376     13.3301     17.9898
   499.50     0.00    5    4     -2.3091      1.5849      3.8940      8.5853      8.5588     17.1441     21.0381
   500.00     0.00    5    3     -2.3465      1.5466      3.8931      8.5533      8.6582     17.2115     21.1045
 This trajectory end on 14Jun2022 at 22:18:16 

 ###### itraj=   3 ######
 This trajectory start on 14Jun2022 at 22:18:16 

     The temperature of the non-adiabatic dynamica is :   300.00000 K
     The average energy of phonon(quantum): <SUM_phE>=   12.95558 eV.
     The average energy of phonon(class)  : <SUM_phE>=    5.50648 eV.

     The phonon dynamica set as quantum
     The initial energy of phonon: SUM_phT=    6.76621  eV SUM_phU=    6.51185  eV
     The initial energy of phonon: SUM_phE=   13.27806 eV.
     Energy of phonon after   2.50ps dynamica: SUM_phT=    6.12903  eV SUM_phU=    7.45678  eV
     Energy of phonon after   2.50ps dynamica: SUM_phE=   13.58581 eV.

     Initial eh_KSstate:  
     ik=   20 coord.: (     0.500000     0.166667     0.000000  )
     init_hband=    1 Initial hole Energy:    -2.65290 eV
     init_eband=    2 Initial elec Energy:     2.51730 eV
     elec-hole energy=      5.17020 eV

     In adiabatic base,the elctron-hole state as follow:
     Init_hsurface=   11 Initial hole Energy:  -2.6134992 eV
     Init_esurface=    8 Initial elec Energy:   2.3944093 eV
     elec-hole energy=   5.0079085 eV

 time(fs)    rt(s) hsur esur     E_h(eV)     E_e(eV)    E_eh(eV)    T_ph(eV)    U_ph(eV)    E_ph(eV)   E_tot(eV)
     0.00     0.00   11    8     -2.6135      2.3944      5.0079      6.1290      7.4568     13.5858     18.5937
     0.50     0.00    9    8     -2.5450      2.3963      4.9413      6.1718      7.4905     13.6624     18.6037
     1.00     0.00    9    8     -2.5566      2.3985      4.9552      6.1998      7.4850     13.6848     18.6399
   499.50     0.00    4    3     -2.2101      1.3899      3.6001      9.7970      9.8612     19.6582     23.2583
   500.00     0.00    4    3     -2.1800      1.4030      3.5831      9.7176      9.8734     19.5910     23.1741
 This trajectory end on 14Jun2022 at 22:18:17 

 ###### itraj=   4 ######
 This trajectory start on 14Jun2022 at 22:18:17 

     The temperature of the non-adiabatic dynamica is :   300.00000 K
     The average energy of phonon(quantum): <SUM_phE>=   12.95558 eV.
     The average energy of phonon(class)  : <SUM_phE>=    5.50648 eV.

     The phonon dynamica set as quantum
     The initial energy of phonon: SUM_phT=    6.70562  eV SUM_phU=    4.85486  eV
     The initial energy of phonon: SUM_phE=   11.56048 eV.
     Energy of phonon after   2.50ps dynamica: SUM_phT=    7.25613  eV SUM_phU=    4.90932  eV
     Energy of phonon after   2.50ps dynamica: SUM_phE=   12.16545 eV.

     Initial eh_KSstate:  
     ik=   34 coord.: (     0.833333     0.500000     0.000000  )
     init_hband=    1 Initial hole Energy:    -2.65290 eV
     init_eband=    2 Initial elec Energy:     2.51730 eV
     elec-hole energy=      5.17020 eV

     In adiabatic base,the elctron-hole state as follow:
     Init_hsurface=    8 Initial hole Energy:  -2.5277116 eV
     Init_esurface=   11 Initial elec Energy:   2.5312781 eV
     elec-hole energy=   5.0589897 eV

 time(fs)    rt(s) hsur esur     E_h(eV)     E_e(eV)    E_eh(eV)    T_ph(eV)    U_ph(eV)    E_ph(eV)   E_tot(eV)
     0.00     0.00    8   11     -2.5277      2.5313      5.0590      7.2561      4.9093     12.1655     17.2244
     0.50     0.00    8   11     -2.5291      2.5066      5.0357      6.9518      5.0480     11.9998     17.0355
     1.00     0.00    8   11     -2.5304      2.4904      5.0208      6.6188      5.2459     11.8647     16.8854
   499.50     0.00    5    6     -2.3848      2.1312      4.5160      5.6078      5.6747     11.2825     15.7985
   500.00     0.00    5    6     -2.3781      2.1292      4.5073      5.6369      5.7537     11.3907     15.8979
 This trajectory end on 14Jun2022 at 22:18:19 

 ###### itraj=   5 ######
 This trajectory start on 14Jun2022 at 22:18:19 

     The temperature of the non-adiabatic dynamica is :   300.00000 K
     The average energy of phonon(quantum): <SUM_phE>=   12.95558 eV.
     The average energy of phonon(class)  : <SUM_phE>=    5.50648 eV.

     The phonon dynamica set as quantum
     The initial energy of phonon: SUM_phT=    8.77300  eV SUM_phU=    7.08722  eV
     The initial energy of phonon: SUM_phE=   15.86023 eV.
     Energy of phonon after   2.50ps dynamica: SUM_phT=    6.23603  eV SUM_phU=    7.26431  eV
     Energy of phonon after   2.50ps dynamica: SUM_phE=   13.50034 eV.

     Initial eh_KSstate:  
     ik=    9 coord.: (     0.166667     0.333333     0.000000  )
     init_hband=    1 Initial hole Energy:    -2.65290 eV
     init_eband=    2 Initial elec Energy:     2.51730 eV
     elec-hole energy=      5.17020 eV

     In adiabatic base,the elctron-hole state as follow:
     Init_hsurface=    9 Initial hole Energy:  -2.5471111 eV
     Init_esurface=    8 Initial elec Energy:   2.3238460 eV
     elec-hole energy=   4.8709570 eV

 time(fs)    rt(s) hsur esur     E_h(eV)     E_e(eV)    E_eh(eV)    T_ph(eV)    U_ph(eV)    E_ph(eV)   E_tot(eV)
     0.00     0.00    9    8     -2.5471      2.3238      4.8710      6.2360      7.2643     13.5003     18.3713
     0.50     0.00    8    8     -2.5269      2.3177      4.8445      6.2010      7.2659     13.4669     18.3115
     1.00     0.00    8    8     -2.5121      2.3137      4.8258      6.2166      7.2608     13.4774     18.3032
   499.50     0.00    4    3     -2.1642      1.4762      3.6404      7.5018      8.3277     15.8295     19.4699
   500.00     0.00    4    3     -2.1962      1.4617      3.6578      7.5362      8.3088     15.8450     19.5028
 This trajectory end on 14Jun2022 at 22:18:20 

 ###### itraj=   6 ######
 This trajectory start on 14Jun2022 at 22:18:20 

     The temperature of the non-adiabatic dynamica is :   300.00000 K
     The average energy of phonon(quantum): <SUM_phE>=   12.95558 eV.
     The average energy of phonon(class)  : <SUM_phE>=    5.50648 eV.

     The phonon dynamica set as quantum
     The initial energy of phonon: SUM_phT=    6.94991  eV SUM_phU=    6.84397  eV
     The initial energy of phonon: SUM_phE=   13.79388 eV.
     Energy of phonon after   2.50ps dynamica: SUM_phT=    6.44600  eV SUM_phU=    5.72813  eV
     Energy of phonon after   2.50ps dynamica: SUM_phE=   12.17413 eV.

     Initial eh_KSstate:  
     ik=   10 coord.: (     0.166667     0.500000     0.000000  )
     init_hband=    1 Initial hole Energy:    -2.65290 eV
     init_eband=    2 Initial elec Energy:     2.51730 eV
     elec-hole energy=      5.17020 eV

     In adiabatic base,the elctron-hole state as follow:
     Init_hsurface=   11 Initial hole Energy:  -2.6335880 eV
     Init_esurface=   10 Initial elec Energy:   2.5132823 eV
     elec-hole energy=   5.1468704 eV

 time(fs)    rt(s) hsur esur     E_h(eV)     E_e(eV)    E_eh(eV)    T_ph(eV)    U_ph(eV)    E_ph(eV)   E_tot(eV)
     0.00     0.00   11   10     -2.6336      2.5133      5.1469      6.4460      5.7281     12.1741     17.3210
     0.50     0.00   11   11     -2.6283      2.5476      5.1759      6.5900      5.6367     12.2267     17.4026
     1.00     0.00   11   11     -2.6225      2.5535      5.1760      6.7431      5.5803     12.3234     17.4994
   499.50     0.00    3    3     -2.1636      1.3491      3.5127      8.5068      8.8509     17.3576     20.8703
   500.00     0.00    3    3     -2.1637      1.3680      3.5317      8.5454      8.8428     17.3882     20.9199
 This trajectory end on 14Jun2022 at 22:18:22 

 ###### itraj=   7 ######
 This trajectory start on 14Jun2022 at 22:18:22 

     The temperature of the non-adiabatic dynamica is :   300.00000 K
     The average energy of phonon(quantum): <SUM_phE>=   12.95558 eV.
     The average energy of phonon(class)  : <SUM_phE>=    5.50648 eV.

     The phonon dynamica set as quantum
     The initial energy of phonon: SUM_phT=    6.81645  eV SUM_phU=    7.03049  eV
     The initial energy of phonon: SUM_phE=   13.84694 eV.
     Energy of phonon after   2.50ps dynamica: SUM_phT=    5.44562  eV SUM_phU=    7.03235  eV
     Energy of phonon after   2.50ps dynamica: SUM_phE=   12.47798 eV.

     Initial eh_KSstate:  
     ik=   34 coord.: (     0.833333     0.500000     0.000000  )
     init_hband=    1 Initial hole Energy:    -2.65290 eV
     init_eband=    2 Initial elec Energy:     2.51730 eV
     elec-hole energy=      5.17020 eV

     In adiabatic base,the elctron-hole state as follow:
     Init_hsurface=   17 Initial hole Energy:  -2.8874567 eV
     Init_esurface=    7 Initial elec Energy:   2.3261062 eV
     elec-hole energy=   5.2135629 eV

 time(fs)    rt(s) hsur esur     E_h(eV)     E_e(eV)    E_eh(eV)    T_ph(eV)    U_ph(eV)    E_ph(eV)   E_tot(eV)
     0.00     0.00   17    7     -2.8875      2.3261      5.2136      5.4456      7.0324     12.4780     17.6915
     0.50     0.00   17    7     -2.8991      2.3072      5.2064      5.2876      7.0674     12.3550     17.5614
     1.00     0.00   17    7     -2.9070      2.2875      5.1945      5.3188      7.0445     12.3633     17.5577
   499.50     0.00    3    6     -2.1184      2.2337      4.3521      6.2521      7.5179     13.7701     18.1222
   500.00     0.00    3    7     -2.1176      2.2351      4.3527      6.1988      7.6515     13.8504     18.2031
 This trajectory end on 14Jun2022 at 22:18:24 

 ###### itraj=   8 ######
 This trajectory start on 14Jun2022 at 22:18:24 

     The temperature of the non-adiabatic dynamica is :   300.00000 K
     The average energy of phonon(quantum): <SUM_phE>=   12.95558 eV.
     The average energy of phonon(class)  : <SUM_phE>=    5.50648 eV.

     The phonon dynamica set as quantum
     The initial energy of phonon: SUM_phT=    6.63739  eV SUM_phU=    5.91657  eV
     The initial energy of phonon: SUM_phE=   12.55396 eV.
     Energy of phonon after   2.50ps dynamica: SUM_phT=    5.70356  eV SUM_phU=    5.66152  eV
     Energy of phonon after   2.50ps dynamica: SUM_phE=   11.36508 eV.

     Initial eh_KSstate:  
     ik=   24 coord.: (     0.500000     0.833333     0.000000  )
     init_hband=    1 Initial hole Energy:    -2.65290 eV
     init_eband=    2 Initial elec Energy:     2.51730 eV
     elec-hole energy=      5.17020 eV

     In adiabatic base,the elctron-hole state as follow:
     Init_hsurface=    7 Initial hole Energy:  -2.4506930 eV
     Init_esurface=   10 Initial elec Energy:   2.4842851 eV
     elec-hole energy=   4.9349781 eV

 time(fs)    rt(s) hsur esur     E_h(eV)     E_e(eV)    E_eh(eV)    T_ph(eV)    U_ph(eV)    E_ph(eV)   E_tot(eV)
     0.00     0.00    7   10     -2.4507      2.4843      4.9350      5.7036      5.6615     11.3651     16.3001
     0.50     0.00    7   10     -2.4451      2.4844      4.9295      5.7678      5.6150     11.3828     16.3123
     1.00     0.00    7   10     -2.4417      2.4856      4.9272      5.7929      5.5738     11.3668     16.2940
   499.50     0.00    3    5     -2.2264      1.4821      3.7085      7.5727      9.3044     16.8771     20.5856
   500.00     0.00    3    5     -2.2150      1.4834      3.6984      7.5926      9.2728     16.8654     20.5637
 This trajectory end on 14Jun2022 at 22:18:26 

 ###### itraj=   9 ######
 This trajectory start on 14Jun2022 at 22:18:26 

     The temperature of the non-adiabatic dynamica is :   300.00000 K
     The average energy of phonon(quantum): <SUM_phE>=   12.95558 eV.
     The average energy of phonon(class)  : <SUM_phE>=    5.50648 eV.

     The phonon dynamica set as quantum
     The initial energy of phonon: SUM_phT=    7.10416  eV SUM_phU=    5.74493  eV
     The initial energy of phonon: SUM_phE=   12.84909 eV.
     Energy of phonon after   2.50ps dynamica: SUM_phT=    5.64359  eV SUM_phU=    7.63198  eV
     Energy of phonon after   2.50ps dynamica: SUM_phE=   13.27556 eV.

     Initial eh_KSstate:  
     ik=   20 coord.: (     0.500000     0.166667     0.000000  )
     init_hband=    1 Initial hole Energy:    -2.65290 eV
     init_eband=    2 Initial elec Energy:     2.51730 eV
     elec-hole energy=      5.17020 eV

     In adiabatic base,the elctron-hole state as follow:
     Init_hsurface=   15 Initial hole Energy:  -2.8180300 eV
     Init_esurface=   15 Initial elec Energy:   2.7229508 eV
     elec-hole energy=   5.5409809 eV

 time(fs)    rt(s) hsur esur     E_h(eV)     E_e(eV)    E_eh(eV)    T_ph(eV)    U_ph(eV)    E_ph(eV)   E_tot(eV)
     0.00     0.00   15   15     -2.8180      2.7230      5.5410      5.6436      7.6320     13.2756     18.8165
     0.50     0.00   15   15     -2.8183      2.7356      5.5539      5.4352      7.8806     13.3158     18.8697
     1.00     0.00   15   15     -2.8178      2.7344      5.5522      5.2061      8.0516     13.2577     18.8099
   499.50     0.00    4    3     -2.3220      1.4092      3.7312      9.4674      7.9960     17.4633     21.1945
   500.00     0.00    4    3     -2.3163      1.3874      3.7037      9.3014      8.0567     17.3581     21.0618
 This trajectory end on 14Jun2022 at 22:18:27 

 ###### itraj=  10 ######
 This trajectory start on 14Jun2022 at 22:18:27 

     The temperature of the non-adiabatic dynamica is :   300.00000 K
     The average energy of phonon(quantum): <SUM_phE>=   12.95558 eV.
     The average energy of phonon(class)  : <SUM_phE>=    5.50648 eV.

     The phonon dynamica set as quantum
     The initial energy of phonon: SUM_phT=    6.73770  eV SUM_phU=    5.47792  eV
     The initial energy of phonon: SUM_phE=   12.21563 eV.
     Energy of phonon after   2.50ps dynamica: SUM_phT=    6.86998  eV SUM_phU=    5.03150  eV
     Energy of phonon after   2.50ps dynamica: SUM_phE=   11.90148 eV.

     Initial eh_KSstate:  
     ik=   14 coord.: (     0.333333     0.166667     0.000000  )
     init_hband=    1 Initial hole Energy:    -2.65290 eV
     init_eband=    2 Initial elec Energy:     2.51730 eV
     elec-hole energy=      5.17020 eV

     In adiabatic base,the elctron-hole state as follow:
     Init_hsurface=    4 Initial hole Energy:  -2.3585573 eV
     Init_esurface=    9 Initial elec Energy:   2.3329887 eV
     elec-hole energy=   4.6915460 eV

 time(fs)    rt(s) hsur esur     E_h(eV)     E_e(eV)    E_eh(eV)    T_ph(eV)    U_ph(eV)    E_ph(eV)   E_tot(eV)
     0.00     0.00    4    9     -2.3586      2.3330      4.6915      6.8700      5.0315     11.9015     16.5930
     0.50     0.00    4    9     -2.3513      2.3305      4.6818      6.8528      5.0028     11.8555     16.5373
     1.00     0.00    4    9     -2.3408      2.3259      4.6667      6.7910      5.0269     11.8180     16.4847
   499.50     0.00    3    4     -2.1731      1.6632      3.8363      6.4944      7.1273     13.6217     17.4580
   500.00     0.00    3    4     -2.1827      1.6764      3.8591      6.4861      7.2970     13.7831     17.6423
 This trajectory end on 14Jun2022 at 22:18:29 
